<?xml version="1.0" encoding="UTF-8" ?>
<testsuite errors="0" failures="0" hostname="Denise-PC" name="ui.TicTacToeTest" skipped="0" tests="2" time="0.047" timestamp="2020-12-06T14:01:05">
  <properties>
    <property name="java.vendor" value="Oracle Corporation" />
    <property name="lib.dir" value="lib" />
    <property name="sun.java.launcher" value="SUN_STANDARD" />
    <property name="sun.management.compiler" value="HotSpot 64-Bit Tiered Compilers" />
    <property name="os.name" value="Windows 10" />
    <property name="sun.boot.class.path" value="C:\Program Files\Java\jdk1.8.0_231\jre\lib\resources.jar;C:\Program Files\Java\jdk1.8.0_231\jre\lib\rt.jar;C:\Program Files\Java\jdk1.8.0_231\jre\lib\sunrsasign.jar;C:\Program Files\Java\jdk1.8.0_231\jre\lib\jsse.jar;C:\Program Files\Java\jdk1.8.0_231\jre\lib\jce.jar;C:\Program Files\Java\jdk1.8.0_231\jre\lib\charsets.jar;C:\Program Files\Java\jdk1.8.0_231\jre\lib\jfr.jar;C:\Program Files\Java\jdk1.8.0_231\jre\classes" />
    <property name="sun.desktop" value="windows" />
    <property name="java.vm.specification.vendor" value="Oracle Corporation" />
    <property name="ant.home" value="C:\Program Files\Java\ant" />
    <property name="java.runtime.version" value="1.8.0_231-b11" />
    <property name="testsource.dir.present" value="true" />
    <property name="release.dir" value="release" />
    <property name="user.name" value="Denise Gülseren" />
    <property name="build.dir" value="bin" />
    <property name="user.language" value="de" />
    <property name="ant.file.TicTacToe" value="F:\MIM\Workspace\TicTacToeAnt\build.xml" />
    <property name="sun.boot.library.path" value="C:\Program Files\Java\jdk1.8.0_231\jre\bin" />
    <property name="ant.project.default-target" value="release" />
    <property name="ant.project.name" value="TicTacToe" />
    <property name="java.version" value="1.8.0_231" />
    <property name="user.timezone" value="" />
    <property name="sun.arch.data.model" value="64" />
    <property name="java.endorsed.dirs" value="C:\Program Files\Java\jdk1.8.0_231\jre\lib\endorsed" />
    <property name="sun.cpu.isalist" value="amd64" />
    <property name="sun.jnu.encoding" value="Cp1252" />
    <property name="file.encoding.pkg" value="sun.io" />
    <property name="file.separator" value="\" />
    <property name="java.specification.name" value="Java Platform API Specification" />
    <property name="java.class.version" value="52.0" />
    <property name="user.country" value="DE" />
    <property name="java.home" value="C:\Program Files\Java\jdk1.8.0_231\jre" />
    <property name="java.vm.info" value="mixed mode" />
    <property name="ant.file" value="F:\MIM\Workspace\TicTacToeAnt\build.xml" />
    <property name="os.version" value="10.0" />
    <property name="ant.file.type.TicTacToe" value="file" />
    <property name="testsource.dir" value="test" />
    <property name="path.separator" value=";" />
    <property name="java.vm.version" value="25.231-b11" />
    <property name="report.dir" value="generated-reports" />
    <property name="user.variant" value="" />
    <property name="ant.library.dir" value="C:\Program Files\Java\ant\lib" />
    <property name="java.awt.printerjob" value="sun.awt.windows.WPrinterJob" />
    <property name="sun.io.unicode.encoding" value="UnicodeLittle" />
    <property name="awt.toolkit" value="sun.awt.windows.WToolkit" />
    <property name="sun.stdout.encoding" value="cp437" />
    <property name="user.script" value="" />
    <property name="user.home" value="C:\Users\Denise Gülseren" />
    <property name="java.specification.vendor" value="Oracle Corporation" />
    <property name="java.library.path" value="C:\Program Files\Java\jdk1.8.0_231\jre\bin;C:\WINDOWS\Sun\Java\bin;C:\WINDOWS\system32;C:\WINDOWS;C:\Program Files\Common Files\Oracle\Java\javapath;C:\Program Files (x86)\Common Files\Oracle\Java\javapath;C:\ProgramData\Oracle\Java\javapath;C:\WINDOWS\system32;C:\WINDOWS;C:\WINDOWS\System32\Wbem;C:\WINDOWS\System32\WindowsPowerShell\v1.0\;C:\WINDOWS\System32\OpenSSH\;C:\Program Files (x86)\SQL Anywhere 17\Bin32\;C:\Program Files\Git\cmd;C:\Program Files\apache-maven-3.6.3\bin;C:\Users\Denise Gülseren\AppData\Local\GitHubDesktop\bin;C:\Program Files\Java\jdk-15.0.1\bin;C:\Program Files\Java\ant\bin;." />
    <property name="java.vendor.url" value="http://java.oracle.com/" />
    <property name="java.vm.vendor" value="Oracle Corporation" />
    <property name="java.runtime.name" value="Java(TM) SE Runtime Environment" />
    <property name="sun.java.command" value="org.apache.tools.ant.taskdefs.optional.junit.JUnitTestRunner ui.TicTacToeTest skipNonTests=false filtertrace=true haltOnError=false haltOnFailure=false formatter=org.apache.tools.ant.taskdefs.optional.junit.SummaryJUnitResultFormatter showoutput=true outputtoformatters=true logfailedtests=true threadid=0 logtestlistenerevents=false formatter=org.apache.tools.ant.taskdefs.optional.junit.BriefJUnitResultFormatter,F:\MIM\Workspace\TicTacToeAnt\generated-reports\junit\TEST-ui.TicTacToeTest.txt formatter=org.apache.tools.ant.taskdefs.optional.junit.XMLJUnitResultFormatter,F:\MIM\Workspace\TicTacToeAnt\generated-reports\junit\TEST-ui.TicTacToeTest.xml crashfile=F:\MIM\Workspace\TicTacToeAnt\junitvmwatcher5765401614043882152.properties propsfile=F:\MIM\Workspace\TicTacToeAnt\junit48662838664966081.properties" />
    <property name="java.class.path" value="F:\MIM\Workspace\TicTacToeAnt\bin;F:\MIM\Workspace\TicTacToeAnt\lib\junit\hamcrest-core-1.3.jar;F:\MIM\Workspace\TicTacToeAnt\lib\junit\junit.jar;C:\Program Files\Java\ant\lib\junit.jar;C:\Program Files\Java\ant\lib\ant-launcher.jar;C:\Program Files\Java\ant\lib\ant.jar;C:\Program Files\Java\ant\lib\ant-junit.jar;C:\Program Files\Java\ant\lib\ant-junit4.jar" />
    <property name="ant.version" value="Apache Ant(TM) version 1.10.9 compiled on September 27 2020" />
    <property name="appname" value="TicTacToe" />
    <property name="mainclass" value="ui.TicTacToe" />
    <property name="compiler" value="javac1.8" />
    <property name="java.vm.specification.name" value="Java Virtual Machine Specification" />
    <property name="ant.file.type" value="file" />
    <property name="java.vm.specification.version" value="1.8" />
    <property name="sun.cpu.endian" value="little" />
    <property name="sun.os.patch.level" value="" />
    <property name="java.io.tmpdir" value="C:\Users\DENISE~1\AppData\Local\Temp\" />
    <property name="java.vendor.url.bug" value="http://bugreport.sun.com/bugreport/" />
    <property name="os.arch" value="amd64" />
    <property name="java.awt.graphicsenv" value="sun.awt.Win32GraphicsEnvironment" />
    <property name="java.ext.dirs" value="C:\Program Files\Java\jdk1.8.0_231\jre\lib\ext;C:\WINDOWS\Sun\Java\lib\ext" />
    <property name="user.dir" value="F:\MIM\Workspace\TicTacToeAnt" />
    <property name="line.separator" value="&#xd;&#xa;" />
    <property name="java.vm.name" value="Java HotSpot(TM) 64-Bit Server VM" />
    <property name="basedir" value="F:\MIM\Workspace\TicTacToeAnt" />
    <property name="ant.java.version" value="1.8" />
    <property name="ant.core.lib" value="C:\Program Files\Java\ant\lib\ant.jar" />
    <property name="source" value="1.8" />
    <property name="file.encoding" value="Cp1252" />
    <property name="sun.stderr.encoding" value="cp437" />
    <property name="source.dir" value="src" />
    <property name="java.specification.version" value="1.8" />
    <property name="ant.project.invoked-targets" value="release" />
  </properties>
  <testcase classname="ui.TicTacToeTest" name="testGetXO" time="0.0" />
  <testcase classname="ui.TicTacToeTest" name="testGetComputerMove" time="0.0" />
  <system-out><![CDATA[]]></system-out>
  <system-err><![CDATA[]]></system-err>
</testsuite>
